[2026-04-29 06:34:55] [INFO] strategy: 日志文件: e:\project\pybroker\logs\strategy_20260429.log
[2026-04-29 06:34:55] [INFO] strategy: ============================================================
[2026-04-29 06:34:55] [INFO] strategy:   量化多因子选股策略 启动
[2026-04-29 06:34:55] [INFO] strategy:   pybroker 版本: 1.2.12
[2026-04-29 06:34:55] [INFO] strategy:   启动时间: 2026-04-29 06:34:55
[2026-04-29 06:34:55] [INFO] strategy: ============================================================
[2026-04-29 06:40:07] [INFO] strategy: 日志文件: E:\project\pybroker\logs\strategy_20260429.log
[2026-04-29 06:40:07] [INFO] strategy: ============================================================
[2026-04-29 06:40:07] [INFO] strategy:   量化多因子选股策略 启动
[2026-04-29 06:40:07] [INFO] strategy:   pybroker 版本: 1.2.12
[2026-04-29 06:40:07] [INFO] strategy:   启动时间: 2026-04-29 06:40:07
[2026-04-29 06:40:07] [INFO] strategy: ============================================================
[2026-04-29 06:40:08] [INFO] strategy: 回测区间: 2023-01-01 ~ 2025-12-31
[2026-04-29 06:40:08] [INFO] strategy: 数据区间: 2022-10-03 ~ 2025-12-31
[2026-04-29 06:40:08] [INFO] strategy: (数据比回测早 90 天，用于指标预热)
[2026-04-29 06:40:08] [INFO] strategy: ============================================================
[2026-04-29 06:40:08] [INFO] strategy: 步骤1: 获取中证500成分股列表
[2026-04-29 06:40:08] [INFO] strategy: ============================================================
[2026-04-29 06:40:08] [INFO] strategy: ============================================================
[2026-04-29 06:40:08] [INFO] strategy: 步骤2: 下载/加载日K线数据
[2026-04-29 06:40:08] [INFO] strategy: ============================================================
[2026-04-29 06:40:21] [INFO] strategy: ============================================================
[2026-04-29 06:40:21] [INFO] strategy: 步骤2.5: 数据校验与清洗
[2026-04-29 06:40:21] [INFO] strategy: ============================================================
[2026-04-29 06:40:21] [INFO] strategy: ============================================================
[2026-04-29 06:40:21] [INFO] strategy: 步骤3: 计算技术指标
[2026-04-29 06:40:21] [INFO] strategy: ============================================================
[2026-04-29 06:40:24] [INFO] strategy: ============================================================
[2026-04-29 06:40:24] [INFO] strategy: 步骤3.5: 获取行业信息
[2026-04-29 06:40:24] [INFO] strategy: ============================================================
[2026-04-29 06:40:25] [WARNING] strategy: 未获取到行业信息，跳过行业中性化
[2026-04-29 06:40:25] [INFO] strategy: ============================================================
[2026-04-29 06:40:25] [INFO] strategy: 步骤4: 多因子打分与选股
[2026-04-29 06:40:25] [INFO] strategy: ============================================================
[2026-04-29 06:40:25] [INFO] strategy: [动态权重] 加载中证500指数数据用于市场状态判断...
[2026-04-29 06:40:25] [INFO] strategy: 指数数据加载完成：786 条记录
[2026-04-29 06:40:51] [INFO] strategy: ============================================================
[2026-04-29 06:40:51] [INFO] strategy: 步骤4.5: 因子评估
[2026-04-29 06:40:51] [INFO] strategy: ============================================================
[2026-04-29 06:41:15] [INFO] strategy: ============================================================
[2026-04-29 06:41:15] [INFO] strategy: 步骤5: 执行回测
[2026-04-29 06:41:15] [INFO] strategy: ============================================================
[2026-04-29 06:41:24] [INFO] strategy: ============================================================
[2026-04-29 06:41:24] [INFO] strategy: 步骤6: 展示结果
[2026-04-29 06:41:24] [INFO] strategy: ============================================================
[2026-04-29 06:41:24] [INFO] strategy: ============================================================
[2026-04-29 06:41:24] [INFO] strategy: 步骤7: 可视化图表
[2026-04-29 06:41:24] [INFO] strategy: ============================================================
[2026-04-29 06:41:26] [INFO] strategy: ============================================================
[2026-04-29 06:41:26] [INFO] strategy: 步骤8: 保存回测结果
[2026-04-29 06:41:26] [INFO] strategy: ============================================================
[2026-04-29 06:41:26] [INFO] strategy: ============================================================
[2026-04-29 06:41:26] [INFO] strategy: 策略运行完毕！
[2026-04-29 06:41:26] [INFO] strategy: 数据库文件: E:\project\pybroker\stock_kline_cache.db
[2026-04-29 06:41:26] [INFO] strategy: 图表目录: E:\project\pybroker\图表
[2026-04-29 06:41:26] [INFO] strategy: ============================================================
[2026-04-29 06:53:32] [INFO] strategy: 日志文件: E:\project\pybroker\logs\strategy_20260429.log
[2026-04-29 06:53:32] [INFO] strategy: ============================================================
[2026-04-29 06:53:32] [INFO] strategy:   量化多因子选股策略 启动
[2026-04-29 06:53:32] [INFO] strategy:   pybroker 版本: 1.2.12
[2026-04-29 06:53:32] [INFO] strategy:   启动时间: 2026-04-29 06:53:32
[2026-04-29 06:53:32] [INFO] strategy: ============================================================
[2026-04-29 06:53:32] [INFO] strategy: 回测区间: 2023-01-01 ~ 2025-12-31
[2026-04-29 06:53:32] [INFO] strategy: 数据区间: 2022-10-03 ~ 2025-12-31
[2026-04-29 06:53:32] [INFO] strategy: (数据比回测早 90 天，用于指标预热)
[2026-04-29 06:53:32] [INFO] strategy: ============================================================
[2026-04-29 06:53:32] [INFO] strategy: 步骤1: 获取中证500成分股列表
[2026-04-29 06:53:32] [INFO] strategy: ============================================================
[2026-04-29 06:53:32] [INFO] strategy: ============================================================
[2026-04-29 06:53:32] [INFO] strategy: 步骤2: 下载/加载日K线数据
[2026-04-29 06:53:32] [INFO] strategy: ============================================================
[2026-04-29 06:53:48] [INFO] strategy: ============================================================
[2026-04-29 06:53:48] [INFO] strategy: 步骤2.5: 数据校验与清洗
[2026-04-29 06:53:48] [INFO] strategy: ============================================================
[2026-04-29 06:53:48] [INFO] strategy: ============================================================
[2026-04-29 06:53:48] [INFO] strategy: 步骤3: 计算技术指标
[2026-04-29 06:53:48] [INFO] strategy: ============================================================
[2026-04-29 06:53:51] [INFO] strategy: ============================================================
[2026-04-29 06:53:51] [INFO] strategy: 步骤3.5: 获取行业信息
[2026-04-29 06:53:51] [INFO] strategy: ============================================================
[2026-04-29 06:53:51] [WARNING] strategy: 未获取到行业信息，跳过行业中性化
[2026-04-29 06:53:51] [INFO] strategy: ============================================================
[2026-04-29 06:53:51] [INFO] strategy: 步骤4: 多因子打分与选股
[2026-04-29 06:53:51] [INFO] strategy: ============================================================
[2026-04-29 06:53:51] [INFO] strategy: [动态权重] 加载中证500指数数据用于市场状态判断...
[2026-04-29 06:53:51] [INFO] strategy: 指数数据加载完成：786 条记录
[2026-04-29 06:54:06] [INFO] strategy: ============================================================
[2026-04-29 06:54:06] [INFO] strategy: 步骤4.5: 因子评估
[2026-04-29 06:54:06] [INFO] strategy: ============================================================
[2026-04-29 06:55:04] [INFO] strategy: ============================================================
[2026-04-29 06:55:04] [INFO] strategy: 步骤5: 执行回测
[2026-04-29 06:55:04] [INFO] strategy: ============================================================
[2026-04-29 06:55:15] [INFO] strategy: ============================================================
[2026-04-29 06:55:15] [INFO] strategy: 步骤6: 展示结果
[2026-04-29 06:55:15] [INFO] strategy: ============================================================
[2026-04-29 06:55:15] [INFO] strategy: ============================================================
[2026-04-29 06:55:15] [INFO] strategy: 步骤7: 可视化图表
[2026-04-29 06:55:15] [INFO] strategy: ============================================================
[2026-04-29 06:55:17] [INFO] strategy: ============================================================
[2026-04-29 06:55:17] [INFO] strategy: 步骤8: 保存回测结果
[2026-04-29 06:55:17] [INFO] strategy: ============================================================
[2026-04-29 06:55:17] [INFO] strategy: ============================================================
[2026-04-29 06:55:17] [INFO] strategy: 策略运行完毕！
[2026-04-29 06:55:17] [INFO] strategy: 数据库文件: E:\project\pybroker\stock_kline_cache.db
[2026-04-29 06:55:17] [INFO] strategy: 图表目录: E:\project\pybroker\图表
[2026-04-29 06:55:17] [INFO] strategy: ============================================================
[2026-04-29 06:57:16] [INFO] strategy: 日志文件: E:\project\pybroker\logs\strategy_20260429.log
[2026-04-29 06:57:16] [INFO] strategy: ============================================================
[2026-04-29 06:57:16] [INFO] strategy:   量化多因子选股策略 启动
[2026-04-29 06:57:16] [INFO] strategy:   pybroker 版本: 1.2.12
[2026-04-29 06:57:16] [INFO] strategy:   启动时间: 2026-04-29 06:57:16
[2026-04-29 06:57:16] [INFO] strategy: ============================================================
[2026-04-29 06:57:16] [INFO] strategy: 回测区间: 2023-01-01 ~ 2025-12-31
[2026-04-29 06:57:16] [INFO] strategy: 数据区间: 2022-10-03 ~ 2025-12-31
[2026-04-29 06:57:16] [INFO] strategy: (数据比回测早 90 天，用于指标预热)
[2026-04-29 06:57:16] [INFO] strategy: ============================================================
[2026-04-29 06:57:16] [INFO] strategy: 步骤1: 获取中证500成分股列表
[2026-04-29 06:57:16] [INFO] strategy: ============================================================
[2026-04-29 06:57:16] [INFO] strategy: ============================================================
[2026-04-29 06:57:16] [INFO] strategy: 步骤2: 下载/加载日K线数据
[2026-04-29 06:57:16] [INFO] strategy: ============================================================
[2026-04-29 06:57:32] [INFO] strategy: ============================================================
[2026-04-29 06:57:32] [INFO] strategy: 步骤2.5: 数据校验与清洗
[2026-04-29 06:57:32] [INFO] strategy: ============================================================
[2026-04-29 06:57:32] [INFO] strategy: ============================================================
[2026-04-29 06:57:32] [INFO] strategy: 步骤3: 计算技术指标
[2026-04-29 06:57:32] [INFO] strategy: ============================================================
[2026-04-29 06:57:36] [INFO] strategy: ============================================================
[2026-04-29 06:57:36] [INFO] strategy: 步骤3.5: 获取行业信息
[2026-04-29 06:57:36] [INFO] strategy: ============================================================
[2026-04-29 06:57:36] [WARNING] strategy: 未获取到行业信息，跳过行业中性化
[2026-04-29 06:57:36] [INFO] strategy: ============================================================
[2026-04-29 06:57:36] [INFO] strategy: 步骤4: 多因子打分与选股
[2026-04-29 06:57:36] [INFO] strategy: ============================================================
[2026-04-29 06:57:36] [INFO] strategy: [动态权重] 加载中证500指数数据用于市场状态判断...
[2026-04-29 06:57:36] [INFO] strategy: 指数数据加载完成：786 条记录
[2026-04-29 06:57:53] [INFO] strategy: ============================================================
[2026-04-29 06:57:53] [INFO] strategy: 步骤4.5: 因子评估
[2026-04-29 06:57:53] [INFO] strategy: ============================================================
[2026-04-29 06:58:38] [INFO] strategy: ============================================================
[2026-04-29 06:58:38] [INFO] strategy: 步骤5: 执行回测
[2026-04-29 06:58:38] [INFO] strategy: ============================================================
[2026-04-29 06:58:50] [INFO] strategy: ============================================================
[2026-04-29 06:58:50] [INFO] strategy: 步骤6: 展示结果
[2026-04-29 06:58:50] [INFO] strategy: ============================================================
[2026-04-29 06:58:50] [INFO] strategy: ============================================================
[2026-04-29 06:58:50] [INFO] strategy: 步骤7: 可视化图表
[2026-04-29 06:58:50] [INFO] strategy: ============================================================
[2026-04-29 06:58:52] [INFO] strategy: ============================================================
[2026-04-29 06:58:52] [INFO] strategy: 步骤8: 保存回测结果
[2026-04-29 06:58:52] [INFO] strategy: ============================================================
[2026-04-29 06:58:52] [INFO] strategy: ============================================================
[2026-04-29 06:58:52] [INFO] strategy: 策略运行完毕！
[2026-04-29 06:58:52] [INFO] strategy: 数据库文件: E:\project\pybroker\stock_kline_cache.db
[2026-04-29 06:58:52] [INFO] strategy: 图表目录: E:\project\pybroker\图表
[2026-04-29 06:58:52] [INFO] strategy: ============================================================
[2026-04-29 07:10:13] [INFO] strategy: 日志文件: E:\project\pybroker\logs\strategy_20260429.log
[2026-04-29 07:10:13] [INFO] strategy: ============================================================
[2026-04-29 07:10:13] [INFO] strategy:   量化多因子选股策略 启动
[2026-04-29 07:10:13] [INFO] strategy:   pybroker 版本: 1.2.12
[2026-04-29 07:10:13] [INFO] strategy:   启动时间: 2026-04-29 07:10:13
[2026-04-29 07:10:13] [INFO] strategy: ============================================================
[2026-04-29 07:10:24] [INFO] strategy: 日志文件: E:\project\pybroker\logs\strategy_20260429.log
[2026-04-29 07:10:24] [INFO] strategy: ============================================================
[2026-04-29 07:10:24] [INFO] strategy:   量化多因子选股策略 启动
[2026-04-29 07:10:24] [INFO] strategy:   pybroker 版本: 1.2.12
[2026-04-29 07:10:24] [INFO] strategy:   启动时间: 2026-04-29 07:10:24
[2026-04-29 07:10:24] [INFO] strategy: ============================================================
[2026-04-29 07:10:25] [INFO] strategy: 回测区间: 2024-01-01 ~ 2024-06-30
[2026-04-29 07:10:25] [INFO] strategy: 数据区间: 2023-10-03 ~ 2024-06-30
[2026-04-29 07:10:25] [INFO] strategy: (数据比回测早 90 天，用于指标预热)
[2026-04-29 07:10:25] [INFO] strategy: ============================================================
[2026-04-29 07:10:25] [INFO] strategy: 步骤1: 获取中证500成分股列表
[2026-04-29 07:10:25] [INFO] strategy: ============================================================
[2026-04-29 07:10:25] [INFO] strategy: ============================================================
[2026-04-29 07:10:25] [INFO] strategy: 步骤2: 下载/加载日K线数据
[2026-04-29 07:10:25] [INFO] strategy: ============================================================
[2026-04-29 07:10:25] [INFO] strategy: ============================================================
[2026-04-29 07:10:25] [INFO] strategy: 步骤2.5: 数据校验与清洗
[2026-04-29 07:10:25] [INFO] strategy: ============================================================
[2026-04-29 07:10:25] [INFO] strategy: ============================================================
[2026-04-29 07:10:25] [INFO] strategy: 步骤3: 计算技术指标
[2026-04-29 07:10:25] [INFO] strategy: ============================================================
[2026-04-29 07:10:26] [INFO] strategy: ============================================================
[2026-04-29 07:10:26] [INFO] strategy: 步骤3.5: 获取行业信息
[2026-04-29 07:10:26] [INFO] strategy: ============================================================
[2026-04-29 07:10:26] [WARNING] strategy: 未获取到行业信息，跳过行业中性化
[2026-04-29 07:10:26] [INFO] strategy: ============================================================
[2026-04-29 07:10:26] [INFO] strategy: 步骤4: 多因子打分与选股
[2026-04-29 07:10:26] [INFO] strategy: ============================================================
[2026-04-29 07:10:26] [INFO] strategy: [动态权重] 加载中证500指数数据用于市场状态判断...
[2026-04-29 07:10:26] [INFO] strategy: 指数数据加载完成：177 条记录
[2026-04-29 07:10:28] [INFO] strategy: ============================================================
[2026-04-29 07:10:28] [INFO] strategy: 步骤4.5: 因子评估
[2026-04-29 07:10:28] [INFO] strategy: ============================================================
[2026-04-29 07:10:31] [INFO] strategy: ============================================================
[2026-04-29 07:10:31] [INFO] strategy: 步骤5: 执行回测
[2026-04-29 07:10:31] [INFO] strategy: ============================================================
[2026-04-29 07:10:37] [INFO] strategy: ============================================================
[2026-04-29 07:10:37] [INFO] strategy: 步骤6: 展示结果
[2026-04-29 07:10:37] [INFO] strategy: ============================================================
[2026-04-29 07:10:37] [INFO] strategy: ============================================================
[2026-04-29 07:10:37] [INFO] strategy: 步骤7: 可视化图表
[2026-04-29 07:10:37] [INFO] strategy: ============================================================
[2026-04-29 07:10:38] [INFO] strategy: ============================================================
[2026-04-29 07:10:38] [INFO] strategy: 步骤8: 保存回测结果
[2026-04-29 07:10:38] [INFO] strategy: ============================================================
[2026-04-29 07:10:38] [INFO] strategy: ============================================================
[2026-04-29 07:10:38] [INFO] strategy: 策略运行完毕！
[2026-04-29 07:10:38] [INFO] strategy: 数据库文件: E:\project\pybroker\stock_kline_cache.db
[2026-04-29 07:10:38] [INFO] strategy: 图表目录: E:\project\pybroker\图表
[2026-04-29 07:10:38] [INFO] strategy: ============================================================
[2026-04-29 07:13:09] [INFO] strategy: 日志文件: E:\project\pybroker\logs\strategy_20260429.log
[2026-04-29 07:13:09] [INFO] strategy: ============================================================
[2026-04-29 07:13:09] [INFO] strategy:   量化多因子选股策略 启动
[2026-04-29 07:13:09] [INFO] strategy:   pybroker 版本: 1.2.12
[2026-04-29 07:13:09] [INFO] strategy:   启动时间: 2026-04-29 07:13:09
[2026-04-29 07:13:09] [INFO] strategy: ============================================================
[2026-04-29 07:13:11] [INFO] strategy: 回测区间: 2024-01-01 ~ 2024-06-30
[2026-04-29 07:13:11] [INFO] strategy: 数据区间: 2023-10-03 ~ 2024-06-30
[2026-04-29 07:13:11] [INFO] strategy: (数据比回测早 90 天，用于指标预热)
[2026-04-29 07:13:11] [INFO] strategy: ============================================================
[2026-04-29 07:13:11] [INFO] strategy: 步骤1: 获取中证500成分股列表
[2026-04-29 07:13:11] [INFO] strategy: ============================================================
[2026-04-29 07:13:11] [INFO] strategy: ============================================================
[2026-04-29 07:13:11] [INFO] strategy: 步骤2: 下载/加载日K线数据
[2026-04-29 07:13:11] [INFO] strategy: ============================================================
[2026-04-29 07:13:11] [INFO] strategy: ============================================================
[2026-04-29 07:13:11] [INFO] strategy: 步骤2.5: 数据校验与清洗
[2026-04-29 07:13:11] [INFO] strategy: ============================================================
[2026-04-29 07:13:11] [INFO] strategy: ============================================================
[2026-04-29 07:13:11] [INFO] strategy: 步骤3: 计算技术指标
[2026-04-29 07:13:11] [INFO] strategy: ============================================================
[2026-04-29 07:13:11] [INFO] strategy: ============================================================
[2026-04-29 07:13:11] [INFO] strategy: 步骤3.5: 获取行业信息
[2026-04-29 07:13:11] [INFO] strategy: ============================================================
[2026-04-29 07:13:11] [WARNING] strategy: 未获取到行业信息，跳过行业中性化
[2026-04-29 07:13:11] [INFO] strategy: ============================================================
[2026-04-29 07:13:11] [INFO] strategy: 步骤4: 多因子打分与选股
[2026-04-29 07:13:11] [INFO] strategy: ============================================================
[2026-04-29 07:13:11] [INFO] strategy: [动态权重] 加载中证500指数数据用于市场状态判断...
[2026-04-29 07:13:11] [INFO] strategy: 指数数据加载完成：177 条记录
[2026-04-29 07:13:30] [INFO] strategy: ============================================================
[2026-04-29 07:13:30] [INFO] strategy: 步骤4.5: 因子评估
[2026-04-29 07:13:30] [INFO] strategy: ============================================================
[2026-04-29 07:13:33] [INFO] strategy: ============================================================
[2026-04-29 07:13:33] [INFO] strategy: 步骤5: 执行回测
[2026-04-29 07:13:33] [INFO] strategy: ============================================================
[2026-04-29 07:13:39] [INFO] strategy: ============================================================
[2026-04-29 07:13:39] [INFO] strategy: 步骤6: 展示结果
[2026-04-29 07:13:39] [INFO] strategy: ============================================================
[2026-04-29 07:13:39] [INFO] strategy: ============================================================
[2026-04-29 07:13:39] [INFO] strategy: 步骤7: 可视化图表
[2026-04-29 07:13:39] [INFO] strategy: ============================================================
[2026-04-29 07:13:41] [INFO] strategy: ============================================================
[2026-04-29 07:13:41] [INFO] strategy: 步骤8: 保存回测结果
[2026-04-29 07:13:41] [INFO] strategy: ============================================================
[2026-04-29 07:13:41] [INFO] strategy: ============================================================
[2026-04-29 07:13:41] [INFO] strategy: 策略运行完毕！
[2026-04-29 07:13:41] [INFO] strategy: 数据库文件: E:\project\pybroker\stock_kline_cache.db
[2026-04-29 07:13:41] [INFO] strategy: 图表目录: E:\project\pybroker\图表
[2026-04-29 07:13:41] [INFO] strategy: ============================================================
[2026-04-29 07:28:32] [INFO] strategy: 日志文件: E:\project\pybroker\logs\strategy_20260429.log
[2026-04-29 07:28:32] [INFO] strategy: ============================================================
[2026-04-29 07:28:32] [INFO] strategy:   量化多因子选股策略 启动
[2026-04-29 07:28:32] [INFO] strategy:   pybroker 版本: 1.2.12
[2026-04-29 07:28:32] [INFO] strategy:   启动时间: 2026-04-29 07:28:32
[2026-04-29 07:28:32] [INFO] strategy: ============================================================
[2026-04-29 07:28:32] [INFO] strategy: 回测区间: 2024-01-01 ~ 2024-12-31
[2026-04-29 07:28:32] [INFO] strategy: 数据区间: 2022-11-27 ~ 2024-12-31
[2026-04-29 07:28:32] [INFO] strategy: (数据比回测早 400 天，用于指标预热)
[2026-04-29 07:28:32] [INFO] strategy: ============================================================
[2026-04-29 07:28:32] [INFO] strategy: 步骤1: 获取中证500成分股列表
[2026-04-29 07:28:32] [INFO] strategy: ============================================================
[2026-04-29 07:28:33] [INFO] strategy: ============================================================
[2026-04-29 07:28:33] [INFO] strategy: 步骤2: 下载/加载日K线数据
[2026-04-29 07:28:33] [INFO] strategy: ============================================================
[2026-04-29 07:28:33] [INFO] strategy: ============================================================
[2026-04-29 07:28:33] [INFO] strategy: 步骤2.5: 数据校验与清洗
[2026-04-29 07:28:33] [INFO] strategy: ============================================================
[2026-04-29 07:28:33] [INFO] strategy: ============================================================
[2026-04-29 07:28:33] [INFO] strategy: 步骤3: 计算技术指标
[2026-04-29 07:28:33] [INFO] strategy: ============================================================
[2026-04-29 07:28:33] [INFO] strategy: ============================================================
[2026-04-29 07:28:33] [INFO] strategy: 步骤3.5: 获取行业信息
[2026-04-29 07:28:33] [INFO] strategy: ============================================================
[2026-04-29 07:28:33] [WARNING] strategy: 未获取到行业信息，跳过行业中性化
[2026-04-29 07:28:33] [INFO] strategy: ============================================================
[2026-04-29 07:28:33] [INFO] strategy: 步骤4: 多因子打分与选股
[2026-04-29 07:28:33] [INFO] strategy: ============================================================
[2026-04-29 07:28:33] [INFO] strategy: [动态权重] 加载中证500指数数据用于市场状态判断...
[2026-04-29 07:28:33] [INFO] strategy: 指数数据加载完成：508 条记录
[2026-04-29 07:28:39] [INFO] strategy: ============================================================
[2026-04-29 07:28:39] [INFO] strategy: 步骤4.5: 因子评估
[2026-04-29 07:28:39] [INFO] strategy: ============================================================
[2026-04-29 07:28:54] [INFO] strategy: ============================================================
[2026-04-29 07:28:54] [INFO] strategy: 步骤5: 执行回测
[2026-04-29 07:28:54] [INFO] strategy: ============================================================
[2026-04-29 07:28:59] [INFO] strategy: ============================================================
[2026-04-29 07:28:59] [INFO] strategy: 步骤6: 展示结果
[2026-04-29 07:28:59] [INFO] strategy: ============================================================
[2026-04-29 07:28:59] [INFO] strategy: ============================================================
[2026-04-29 07:28:59] [INFO] strategy: 步骤7: 可视化图表
[2026-04-29 07:28:59] [INFO] strategy: ============================================================
[2026-04-29 07:29:00] [INFO] strategy: ============================================================
[2026-04-29 07:29:00] [INFO] strategy: 步骤8: 保存回测结果
[2026-04-29 07:29:00] [INFO] strategy: ============================================================
[2026-04-29 07:29:00] [INFO] strategy: ============================================================
[2026-04-29 07:29:00] [INFO] strategy: 策略运行完毕！
[2026-04-29 07:29:00] [INFO] strategy: 数据库文件: E:\project\pybroker\stock_kline_cache.db
[2026-04-29 07:29:00] [INFO] strategy: 图表目录: E:\project\pybroker\图表
[2026-04-29 07:29:00] [INFO] strategy: ============================================================
[2026-04-29 07:29:18] [INFO] strategy: 日志文件: E:\project\pybroker\logs\strategy_20260429.log
[2026-04-29 07:29:18] [INFO] strategy: ============================================================
[2026-04-29 07:29:18] [INFO] strategy:   量化多因子选股策略 启动
[2026-04-29 07:29:18] [INFO] strategy:   pybroker 版本: 1.2.12
[2026-04-29 07:29:18] [INFO] strategy:   启动时间: 2026-04-29 07:29:18
[2026-04-29 07:29:18] [INFO] strategy: ============================================================
[2026-04-29 07:29:18] [INFO] strategy: 回测区间: 2023-01-01 ~ 2025-12-31
[2026-04-29 07:29:18] [INFO] strategy: 数据区间: 2021-11-27 ~ 2025-12-31
[2026-04-29 07:29:18] [INFO] strategy: (数据比回测早 400 天，用于指标预热)
[2026-04-29 07:29:18] [INFO] strategy: ============================================================
[2026-04-29 07:29:18] [INFO] strategy: 步骤1: 获取中证500成分股列表
[2026-04-29 07:29:18] [INFO] strategy: ============================================================
[2026-04-29 07:29:19] [INFO] strategy: ============================================================
[2026-04-29 07:29:19] [INFO] strategy: 步骤2: 下载/加载日K线数据
[2026-04-29 07:29:19] [INFO] strategy: ============================================================
[2026-04-29 07:33:02] [INFO] strategy: ============================================================
[2026-04-29 07:33:02] [INFO] strategy: 步骤2.5: 数据校验与清洗
[2026-04-29 07:33:02] [INFO] strategy: ============================================================
[2026-04-29 07:33:03] [INFO] strategy: ============================================================
[2026-04-29 07:33:03] [INFO] strategy: 步骤3: 计算技术指标
[2026-04-29 07:33:03] [INFO] strategy: ============================================================
[2026-04-29 07:33:06] [INFO] strategy: ============================================================
[2026-04-29 07:33:06] [INFO] strategy: 步骤3.5: 获取行业信息
[2026-04-29 07:33:06] [INFO] strategy: ============================================================
[2026-04-29 07:33:06] [WARNING] strategy: 未获取到行业信息，跳过行业中性化
[2026-04-29 07:33:06] [INFO] strategy: ============================================================
[2026-04-29 07:33:06] [INFO] strategy: 步骤4: 多因子打分与选股
[2026-04-29 07:33:06] [INFO] strategy: ============================================================
[2026-04-29 07:33:06] [INFO] strategy: [动态权重] 加载中证500指数数据用于市场状态判断...
[2026-04-29 07:33:06] [INFO] strategy: 指数数据加载完成：786 条记录
[2026-04-29 07:33:27] [INFO] strategy: ============================================================
[2026-04-29 07:33:27] [INFO] strategy: 步骤4.5: 因子评估
[2026-04-29 07:33:27] [INFO] strategy: ============================================================
[2026-04-29 07:34:26] [INFO] strategy: ============================================================
[2026-04-29 07:34:26] [INFO] strategy: 步骤5: 执行回测
[2026-04-29 07:34:26] [INFO] strategy: ============================================================
[2026-04-29 07:34:36] [INFO] strategy: ============================================================
[2026-04-29 07:34:36] [INFO] strategy: 步骤6: 展示结果
[2026-04-29 07:34:36] [INFO] strategy: ============================================================
[2026-04-29 07:34:36] [INFO] strategy: ============================================================
[2026-04-29 07:34:36] [INFO] strategy: 步骤7: 可视化图表
[2026-04-29 07:34:36] [INFO] strategy: ============================================================
[2026-04-29 07:34:38] [INFO] strategy: ============================================================
[2026-04-29 07:34:38] [INFO] strategy: 步骤8: 保存回测结果
[2026-04-29 07:34:38] [INFO] strategy: ============================================================
[2026-04-29 07:34:38] [INFO] strategy: ============================================================
[2026-04-29 07:34:38] [INFO] strategy: 策略运行完毕！
[2026-04-29 07:34:38] [INFO] strategy: 数据库文件: E:\project\pybroker\stock_kline_cache.db
[2026-04-29 07:34:38] [INFO] strategy: 图表目录: E:\project\pybroker\图表
[2026-04-29 07:34:38] [INFO] strategy: ============================================================
[2026-04-29 07:36:55] [INFO] strategy: 日志文件: E:\project\pybroker\logs\strategy_20260429.log
[2026-04-29 07:36:55] [INFO] strategy: ============================================================
[2026-04-29 07:36:55] [INFO] strategy:   量化多因子选股策略 启动
[2026-04-29 07:36:55] [INFO] strategy:   pybroker 版本: 1.2.12
[2026-04-29 07:36:55] [INFO] strategy:   启动时间: 2026-04-29 07:36:55
[2026-04-29 07:36:55] [INFO] strategy: ============================================================
[2026-04-29 07:36:57] [INFO] strategy: 回测区间: 2023-01-01 ~ 2025-12-31
[2026-04-29 07:36:57] [INFO] strategy: 数据区间: 2021-11-27 ~ 2025-12-31
[2026-04-29 07:36:57] [INFO] strategy: (数据比回测早 400 天，用于指标预热)
[2026-04-29 07:36:57] [INFO] strategy: ============================================================
[2026-04-29 07:36:57] [INFO] strategy: 步骤1: 获取中证500成分股列表
[2026-04-29 07:36:57] [INFO] strategy: ============================================================
[2026-04-29 07:36:58] [INFO] strategy: ============================================================
[2026-04-29 07:36:58] [INFO] strategy: 步骤2: 下载/加载日K线数据
[2026-04-29 07:36:58] [INFO] strategy: ============================================================
[2026-04-29 07:37:17] [INFO] strategy: ============================================================
[2026-04-29 07:37:17] [INFO] strategy: 步骤2.5: 数据校验与清洗
[2026-04-29 07:37:17] [INFO] strategy: ============================================================
[2026-04-29 07:37:17] [INFO] strategy: ============================================================
[2026-04-29 07:37:17] [INFO] strategy: 步骤3: 计算技术指标
[2026-04-29 07:37:17] [INFO] strategy: ============================================================
[2026-04-29 07:37:20] [INFO] strategy: ============================================================
[2026-04-29 07:37:20] [INFO] strategy: 步骤3.5: 获取行业信息
[2026-04-29 07:37:20] [INFO] strategy: ============================================================
[2026-04-29 07:37:20] [WARNING] strategy: 未获取到行业信息，跳过行业中性化
[2026-04-29 07:37:20] [INFO] strategy: ============================================================
[2026-04-29 07:37:20] [INFO] strategy: 步骤4: 多因子打分与选股
[2026-04-29 07:37:20] [INFO] strategy: ============================================================
[2026-04-29 07:37:20] [INFO] strategy: [动态权重] 加载中证500指数数据用于市场状态判断...
[2026-04-29 07:37:20] [INFO] strategy: 指数数据加载完成：786 条记录
[2026-04-29 07:44:31] [INFO] strategy: ============================================================
[2026-04-29 07:44:31] [INFO] strategy: 步骤4.5: 因子评估
[2026-04-29 07:44:31] [INFO] strategy: ============================================================
[2026-04-29 07:45:19] [INFO] strategy: ============================================================
[2026-04-29 07:45:19] [INFO] strategy: 步骤5: 执行回测
[2026-04-29 07:45:19] [INFO] strategy: ============================================================
[2026-04-29 07:45:28] [INFO] strategy: ============================================================
[2026-04-29 07:45:28] [INFO] strategy: 步骤6: 展示结果
[2026-04-29 07:45:28] [INFO] strategy: ============================================================
[2026-04-29 07:45:28] [INFO] strategy: ============================================================
[2026-04-29 07:45:28] [INFO] strategy: 步骤7: 可视化图表
[2026-04-29 07:45:28] [INFO] strategy: ============================================================
[2026-04-29 07:45:29] [INFO] strategy: ============================================================
[2026-04-29 07:45:29] [INFO] strategy: 步骤8: 保存回测结果
[2026-04-29 07:45:29] [INFO] strategy: ============================================================
[2026-04-29 07:45:30] [INFO] strategy: ============================================================
[2026-04-29 07:45:30] [INFO] strategy: 策略运行完毕！
[2026-04-29 07:45:30] [INFO] strategy: 数据库文件: E:\project\pybroker\stock_kline_cache.db
[2026-04-29 07:45:30] [INFO] strategy: 图表目录: E:\project\pybroker\图表
[2026-04-29 07:45:30] [INFO] strategy: ============================================================
[2026-04-29 07:50:51] [INFO] strategy: 日志文件: E:\project\pybroker\logs\strategy_20260429.log
[2026-04-29 07:50:51] [INFO] strategy: ============================================================
[2026-04-29 07:50:51] [INFO] strategy:   量化多因子选股策略 启动
[2026-04-29 07:50:51] [INFO] strategy:   pybroker 版本: 1.2.12
[2026-04-29 07:50:51] [INFO] strategy:   启动时间: 2026-04-29 07:50:51
[2026-04-29 07:50:51] [INFO] strategy: ============================================================
